<?xml version="1.0" encoding="UTF-8"?>
<!-- Generated by org.testng.reporters.JUnitXMLReporter -->
<testsuite ignored="0" hostname="Santo" failures="0" tests="3" name="Default test" time="57.552" errors="0" timestamp="2023-09-05T21:22:10 IST">
  <testcase classname="SamplePrograms.hhh" name="loginTest" time="7.084"/>
  <testcase classname="SamplePrograms.hhh" name="loginTest" time="1.897"/>
  <testcase classname="SamplePrograms.hhh" name="loginTest" time="1.841"/>
</testsuite> <!-- Default test -->
