<?xml version="1.0" encoding="UTF-8"?>
<testng-results ignored="0" total="3" passed="3" failed="0" skipped="0">
  <reporter-output>
  </reporter-output>
  <suite started-at="2023-09-05T21:21:12 IST" name="Default suite" finished-at="2023-09-05T21:22:09 IST" duration-ms="57552">
    <groups>
    </groups>
    <test started-at="2023-09-05T21:21:12 IST" name="Default test" finished-at="2023-09-05T21:22:09 IST" duration-ms="57552">
      <class name="SamplePrograms.hhh">
        <test-method signature="loginTest(java.lang.String,java.lang.String)[pri:0, instance:SamplePrograms.hhh@3e27aa33]" started-at="2023-09-05T21:21:44 IST" name="loginTest" data-provider="TestData" finished-at="2023-09-05T21:21:51 IST" duration-ms="7084" status="PASS">
          <params>
            <param index="0">
              <value>
                <![CDATA[User1]]>
              </value>
            </param>
            <param index="1">
              <value>
                <![CDATA[Password1]]>
              </value>
            </param>
          </params>
          <reporter-output>
          </reporter-output>
        </test-method> <!-- loginTest -->
        <test-method signature="loginTest(java.lang.String,java.lang.String)[pri:0, instance:SamplePrograms.hhh@3e27aa33]" started-at="2023-09-05T21:21:58 IST" name="loginTest" data-provider="TestData" finished-at="2023-09-05T21:22:00 IST" duration-ms="1897" status="PASS">
          <params>
            <param index="0">
              <value>
                <![CDATA[User2]]>
              </value>
            </param>
            <param index="1">
              <value>
                <![CDATA[Password2]]>
              </value>
            </param>
          </params>
          <reporter-output>
          </reporter-output>
        </test-method> <!-- loginTest -->
        <test-method signature="loginTest(java.lang.String,java.lang.String)[pri:0, instance:SamplePrograms.hhh@3e27aa33]" started-at="2023-09-05T21:22:02 IST" name="loginTest" data-provider="TestData" finished-at="2023-09-05T21:22:04 IST" duration-ms="1841" status="PASS">
          <params>
            <param index="0">
              <value>
                <![CDATA[User3]]>
              </value>
            </param>
            <param index="1">
              <value>
                <![CDATA[Password3]]>
              </value>
            </param>
          </params>
          <reporter-output>
          </reporter-output>
        </test-method> <!-- loginTest -->
      </class> <!-- SamplePrograms.hhh -->
    </test> <!-- Default test -->
  </suite> <!-- Default suite -->
</testng-results>
